2024/05/12 15:53:40 File: /home/igor/k.SisuGo/art/artm.go, Line: 39, Error: open path/to/settings/file: no such file or directory
2024/05/12 16:06:00 File: /home/igor/k.SisuGo/art/artm.go, Line: 41, Error: open path/to/settings/file: no such file or directory
2024/05/12 16:11:35 /home/igor/k.SisuGo/art/Art_decode.go:39: error: Invalid section format
2024/05/13 13:27:29 /home/igor/k.SisuGo/art/artm.go:37: Empty string
2024/05/27 22:44:31 /home/igor/k.SisuGo/art/cli/artm.go:30: Empty string
2024/06/09 21:34:11 /home/igor/k.SisuGo/art/cypher/Art_decode.go:48: error: Invalid section format
2024/06/16 23:14:49 /home/igor/k.SisuGo/art/cli/artm.go:30: Empty string
2024/06/21 00:50:22 listen tcp :8080: bind: address already in use
2024/06/21 00:50:31 listen tcp :8080: bind: address already in use
2024/06/21 00:50:37 listen tcp :8080: bind: address already in use
2024/06/21 00:51:02 listen tcp :8080: bind: address already in use
2024/06/21 14:27:29 Bad request: invalid encoded text
2024/06/21 14:31:16 Method not allowed: GET
2024/06/21 14:33:53 Bad request: invalid encoded text
2024/06/23 18:36:26 Bad request: invalid encoded text
2024/06/23 23:43:38 /home/igor/k.SisuGo/art/cypher/Art_decode.go:57: error: Invalid repeat count
2024/06/23 23:44:02 Bad request: invalid encoded text
2024/06/23 23:44:33 Bad request: invalid encoded text
2024/06/23 23:45:21 /home/igor/k.SisuGo/art/cypher/Art_decode.go:48: error: Invalid section format
2024/06/24 01:19:30 /home/igor/k.SisuGo/art/cypher/Art_decode.go:48: error: Invalid section format
2024/06/24 01:19:42 /home/igor/k.SisuGo/art/server/serverhtml.go:68: Неверный закодированный текст
2024/06/24 01:21:38 /home/igor/k.SisuGo/art/server/serverhtml.go:68: Неверный закодированный текст
2024/06/24 01:21:56 /home/igor/k.SisuGo/art/cypher/Art_decode.go:48: error: Invalid section format
2024/06/24 01:42:05 Error decoding text: invalid section format
2024/06/24 01:42:20 Error decoding text: invalid section format
2024/06/24 01:42:31 Bad request: invalid encoded text
